Determining if the system is big endian passed with the following output:
Change Dir: /home/cbassuser/avnOpticalPointing/OpenCV/opencv-2.4.11/CMakeFiles/CMakeTmp

Run Build Command:/usr/bin/make "cmTryCompileExec/fast"
/usr/bin/make -f CMakeFiles/cmTryCompileExec.dir/build.make CMakeFiles/cmTryCompileExec.dir/build
make[1]: Entering directory `/home/cbassuser/avnOpticalPointing/OpenCV/opencv-2.4.11/CMakeFiles/CMakeTmp'
/usr/bin/cmake -E cmake_progress_report /home/cbassuser/avnOpticalPointing/OpenCV/opencv-2.4.11/CMakeFiles/CMakeTmp/CMakeFiles 1
Building C object CMakeFiles/cmTryCompileExec.dir/TestEndianess.c.o
/usr/bin/gcc   -fsigned-char -W -Wall -Werror=return-type -Werror=address -Werror=sequence-point -Wformat -Werror=format-security -Wmissing-declarations -Wmissing-prototypes -Wstrict-prototypes -Wundef -Winit-self -Wpointer-arith -Wshadow -fdiagnostics-show-option -Wno-long-long -pthread -fomit-frame-pointer -msse -msse2 -msse3 -ffunction-sections     -o CMakeFiles/cmTryCompileExec.dir/TestEndianess.c.o   -c /home/cbassuser/avnOpticalPointing/OpenCV/opencv-2.4.11/CMakeFiles/CMakeTmp/TestEndianess.c
Linking C executable cmTryCompileExec
/usr/bin/cmake -E cmake_link_script CMakeFiles/cmTryCompileExec.dir/link.txt --verbose=1
/usr/bin/gcc      -fsigned-char -W -Wall -Werror=return-type -Werror=address -Werror=sequence-point -Wformat -Werror=format-security -Wmissing-declarations -Wmissing-prototypes -Wstrict-prototypes -Wundef -Winit-self -Wpointer-arith -Wshadow -fdiagnostics-show-option -Wno-long-long -pthread -fomit-frame-pointer -msse -msse2 -msse3 -ffunction-sections     CMakeFiles/cmTryCompileExec.dir/TestEndianess.c.o  -o cmTryCompileExec -rdynamic 
make[1]: Leaving directory `/home/cbassuser/avnOpticalPointing/OpenCV/opencv-2.4.11/CMakeFiles/CMakeTmp'

TestEndianess.c:
/* A 16 bit integer is required. */
typedef unsigned short cmakeint16;

/* On a little endian machine, these 16bit ints will give "THIS IS LITTLE ENDIAN."
   On a big endian machine the characters will be exchanged pairwise. */
const cmakeint16 info_little[] =  {0x4854, 0x5349, 0x4920, 0x2053, 0x494c, 0x5454, 0x454c, 0x4520, 0x444e, 0x4149, 0x2e4e, 0x0000};

/* on a big endian machine, these 16bit ints will give "THIS IS BIG ENDIAN."
   On a little endian machine the characters will be exchanged pairwise. */
const cmakeint16 info_big[] =     {0x5448, 0x4953, 0x2049, 0x5320, 0x4249, 0x4720, 0x454e, 0x4449, 0x414e, 0x2e2e, 0x0000};

#ifdef __CLASSIC_C__
int main(argc, argv) int argc; char *argv[];
#else
int main(int argc, char *argv[])
#endif
{
  int require = 0;
  require += info_little[argc];
  require += info_big[argc];
  (void)argv;
  return require;
}


Determining size of off64_t failed with the following output:
Change Dir: /home/cbassuser/avnOpticalPointing/OpenCV/opencv-2.4.11/CMakeFiles/CMakeTmp

Run Build Command:/usr/bin/make "cmTryCompileExec/fast"
/usr/bin/make -f CMakeFiles/cmTryCompileExec.dir/build.make CMakeFiles/cmTryCompileExec.dir/build
make[1]: Entering directory `/home/cbassuser/avnOpticalPointing/OpenCV/opencv-2.4.11/CMakeFiles/CMakeTmp'
/usr/bin/cmake -E cmake_progress_report /home/cbassuser/avnOpticalPointing/OpenCV/opencv-2.4.11/CMakeFiles/CMakeTmp/CMakeFiles 1
Building C object CMakeFiles/cmTryCompileExec.dir/CheckTypeSizeC.c.o
/usr/bin/gcc   -fsigned-char -W -Wall -Werror=return-type -Werror=address -Werror=sequence-point -Wformat -Werror=format-security -Wmissing-declarations -Wmissing-prototypes -Wstrict-prototypes -Wundef -Winit-self -Wpointer-arith -Wshadow -fdiagnostics-show-option -Wno-long-long -pthread -fomit-frame-pointer -msse -msse2 -msse3 -ffunction-sections   -DHAVE_SYS_TYPES_H -DHAVE_STDINT_H -DHAVE_STDDEF_H   -o CMakeFiles/cmTryCompileExec.dir/CheckTypeSizeC.c.o   -c /home/cbassuser/avnOpticalPointing/OpenCV/opencv-2.4.11/CMakeFiles/CMakeTmp/CheckTypeSizeC.c
/home/cbassuser/avnOpticalPointing/OpenCV/opencv-2.4.11/CMakeFiles/CMakeTmp/CheckTypeSizeC.c:25: error: ‘off64_t’ undeclared here (not in a function)
make[1]: *** [CMakeFiles/cmTryCompileExec.dir/CheckTypeSizeC.c.o] Error 1
make[1]: Leaving directory `/home/cbassuser/avnOpticalPointing/OpenCV/opencv-2.4.11/CMakeFiles/CMakeTmp'
make: *** [cmTryCompileExec/fast] Error 2

CheckTypeSizeC.c:
#define CHECK_TYPE_SIZE_TYPE off64_t
#ifdef CHECK_TYPE_SIZE_TYPE


#ifdef HAVE_SYS_TYPES_H
#  include <sys/types.h>
#endif /* HAVE_SYS_TYPES_H */

#ifdef HAVE_STDINT_H
#  include <stdint.h>
#endif /* HAVE_STDINT_H */

#ifdef HAVE_STDDEF_H
#  include <stddef.h>
#endif /* HAVE_STDDEF_H */



#ifdef __CLASSIC_C__
# define const
#endif

#define SIZE (sizeof(off64_t))
const char info_sizeof[] =  {'I', 'N', 'F', 'O', ':', 's','i','z','e','o','f','[',
  ('0' + ((SIZE / 10000)%10)),
  ('0' + ((SIZE / 1000)%10)),
  ('0' + ((SIZE / 100)%10)),
  ('0' + ((SIZE / 10)%10)),
  ('0' +  (SIZE    % 10)), 
  ']','\0'};

#ifdef __CLASSIC_C__
int main(argc, argv) int argc; char *argv[];
#else
int main(int argc, char *argv[])
#endif
{
  int require = 0;
  require += info_sizeof[argc];
  (void)argv;
  return require;
}

#else  /* CHECK_TYPE_SIZE_TYPE */

#  error "CHECK_TYPE_SIZE_TYPE has to specify the type"

#endif /* CHECK_TYPE_SIZE_TYPE */


Determining if the include file sys/videoio.h exists failed with the following output:
Change Dir: /home/cbassuser/avnOpticalPointing/OpenCV/opencv-2.4.11/CMakeFiles/CMakeTmp

Run Build Command:/usr/bin/make "cmTryCompileExec/fast"
/usr/bin/make -f CMakeFiles/cmTryCompileExec.dir/build.make CMakeFiles/cmTryCompileExec.dir/build
make[1]: Entering directory `/home/cbassuser/avnOpticalPointing/OpenCV/opencv-2.4.11/CMakeFiles/CMakeTmp'
/usr/bin/cmake -E cmake_progress_report /home/cbassuser/avnOpticalPointing/OpenCV/opencv-2.4.11/CMakeFiles/CMakeTmp/CMakeFiles 1
Building C object CMakeFiles/cmTryCompileExec.dir/CheckIncludeFile.c.o
/usr/bin/gcc   -fsigned-char -W -Wall -Werror=return-type -Werror=address -Werror=sequence-point -Wformat -Werror=format-security -Wmissing-declarations -Wmissing-prototypes -Wstrict-prototypes -Wundef -Winit-self -Wpointer-arith -Wshadow -fdiagnostics-show-option -Wno-long-long -pthread -fomit-frame-pointer -msse -msse2 -msse3 -ffunction-sections     -o CMakeFiles/cmTryCompileExec.dir/CheckIncludeFile.c.o   -c /home/cbassuser/avnOpticalPointing/OpenCV/opencv-2.4.11/CMakeFiles/CMakeTmp/CheckIncludeFile.c
/home/cbassuser/avnOpticalPointing/OpenCV/opencv-2.4.11/CMakeFiles/CMakeTmp/CheckIncludeFile.c:1:25: error: sys/videoio.h: No such file or directory
make[1]: *** [CMakeFiles/cmTryCompileExec.dir/CheckIncludeFile.c.o] Error 1
make[1]: Leaving directory `/home/cbassuser/avnOpticalPointing/OpenCV/opencv-2.4.11/CMakeFiles/CMakeTmp'
make: *** [cmTryCompileExec/fast] Error 2


Determining if the include file ffmpeg/avformat.h exists failed with the following output:
Change Dir: /home/cbassuser/avnOpticalPointing/OpenCV/opencv-2.4.11/CMakeFiles/CMakeTmp

Run Build Command:/usr/bin/make "cmTryCompileExec/fast"
/usr/bin/make -f CMakeFiles/cmTryCompileExec.dir/build.make CMakeFiles/cmTryCompileExec.dir/build
make[1]: Entering directory `/home/cbassuser/avnOpticalPointing/OpenCV/opencv-2.4.11/CMakeFiles/CMakeTmp'
/usr/bin/cmake -E cmake_progress_report /home/cbassuser/avnOpticalPointing/OpenCV/opencv-2.4.11/CMakeFiles/CMakeTmp/CMakeFiles 1
Building C object CMakeFiles/cmTryCompileExec.dir/CheckIncludeFile.c.o
/usr/bin/gcc   -fsigned-char -W -Wall -Werror=return-type -Werror=address -Werror=sequence-point -Wformat -Werror=format-security -Wmissing-declarations -Wmissing-prototypes -Wstrict-prototypes -Wundef -Winit-self -Wpointer-arith -Wshadow -fdiagnostics-show-option -Wno-long-long -pthread -fomit-frame-pointer -msse -msse2 -msse3 -ffunction-sections     -o CMakeFiles/cmTryCompileExec.dir/CheckIncludeFile.c.o   -c /home/cbassuser/avnOpticalPointing/OpenCV/opencv-2.4.11/CMakeFiles/CMakeTmp/CheckIncludeFile.c
/home/cbassuser/avnOpticalPointing/OpenCV/opencv-2.4.11/CMakeFiles/CMakeTmp/CheckIncludeFile.c:1:29: error: ffmpeg/avformat.h: No such file or directory
make[1]: *** [CMakeFiles/cmTryCompileExec.dir/CheckIncludeFile.c.o] Error 1
make[1]: Leaving directory `/home/cbassuser/avnOpticalPointing/OpenCV/opencv-2.4.11/CMakeFiles/CMakeTmp'
make: *** [cmTryCompileExec/fast] Error 2


Determining if the include file sys/videoio.h exists failed with the following output:
Change Dir: /home/cbassuser/avnOpticalPointing/OpenCV/opencv-2.4.11/CMakeFiles/CMakeTmp

Run Build Command:/usr/bin/make "cmTryCompileExec/fast"
/usr/bin/make -f CMakeFiles/cmTryCompileExec.dir/build.make CMakeFiles/cmTryCompileExec.dir/build
make[1]: Entering directory `/home/cbassuser/avnOpticalPointing/OpenCV/opencv-2.4.11/CMakeFiles/CMakeTmp'
/usr/bin/cmake -E cmake_progress_report /home/cbassuser/avnOpticalPointing/OpenCV/opencv-2.4.11/CMakeFiles/CMakeTmp/CMakeFiles 1
Building C object CMakeFiles/cmTryCompileExec.dir/CheckIncludeFile.c.o
/usr/bin/gcc   -fsigned-char -W -Wall -Werror=return-type -Werror=address -Werror=sequence-point -Wformat -Werror=format-security -Wmissing-declarations -Wmissing-prototypes -Wstrict-prototypes -Wundef -Winit-self -Wpointer-arith -Wshadow -fdiagnostics-show-option -Wno-long-long -pthread -fomit-frame-pointer -msse -msse2 -msse3 -ffunction-sections     -o CMakeFiles/cmTryCompileExec.dir/CheckIncludeFile.c.o   -c /home/cbassuser/avnOpticalPointing/OpenCV/opencv-2.4.11/CMakeFiles/CMakeTmp/CheckIncludeFile.c
/home/cbassuser/avnOpticalPointing/OpenCV/opencv-2.4.11/CMakeFiles/CMakeTmp/CheckIncludeFile.c:1:25: error: sys/videoio.h: No such file or directory
make[1]: *** [CMakeFiles/cmTryCompileExec.dir/CheckIncludeFile.c.o] Error 1
make[1]: Leaving directory `/home/cbassuser/avnOpticalPointing/OpenCV/opencv-2.4.11/CMakeFiles/CMakeTmp'
make: *** [cmTryCompileExec/fast] Error 2


Determining if the include file ffmpeg/avformat.h exists failed with the following output:
Change Dir: /home/cbassuser/avnOpticalPointing/OpenCV/opencv-2.4.11/CMakeFiles/CMakeTmp

Run Build Command:/usr/bin/make "cmTryCompileExec/fast"
/usr/bin/make -f CMakeFiles/cmTryCompileExec.dir/build.make CMakeFiles/cmTryCompileExec.dir/build
make[1]: Entering directory `/home/cbassuser/avnOpticalPointing/OpenCV/opencv-2.4.11/CMakeFiles/CMakeTmp'
/usr/bin/cmake -E cmake_progress_report /home/cbassuser/avnOpticalPointing/OpenCV/opencv-2.4.11/CMakeFiles/CMakeTmp/CMakeFiles 1
Building C object CMakeFiles/cmTryCompileExec.dir/CheckIncludeFile.c.o
/usr/bin/gcc   -fsigned-char -W -Wall -Werror=return-type -Werror=address -Werror=sequence-point -Wformat -Werror=format-security -Wmissing-declarations -Wmissing-prototypes -Wstrict-prototypes -Wundef -Winit-self -Wpointer-arith -Wshadow -fdiagnostics-show-option -Wno-long-long -pthread -fomit-frame-pointer -msse -msse2 -msse3 -ffunction-sections     -o CMakeFiles/cmTryCompileExec.dir/CheckIncludeFile.c.o   -c /home/cbassuser/avnOpticalPointing/OpenCV/opencv-2.4.11/CMakeFiles/CMakeTmp/CheckIncludeFile.c
/home/cbassuser/avnOpticalPointing/OpenCV/opencv-2.4.11/CMakeFiles/CMakeTmp/CheckIncludeFile.c:1:29: error: ffmpeg/avformat.h: No such file or directory
make[1]: *** [CMakeFiles/cmTryCompileExec.dir/CheckIncludeFile.c.o] Error 1
make[1]: Leaving directory `/home/cbassuser/avnOpticalPointing/OpenCV/opencv-2.4.11/CMakeFiles/CMakeTmp'
make: *** [cmTryCompileExec/fast] Error 2


